18-Sep-2023 15:03:48.692 INFO [main] org.apache.catalina.core.ApplicationContext.log No Spring WebApplicationInitializer types detected on classpath
18-Sep-2023 15:03:50.053 INFO [main] org.apache.catalina.core.ApplicationContext.log ContextListener: contextInitialized()
18-Sep-2023 15:03:50.054 INFO [main] org.apache.catalina.core.ApplicationContext.log SessionListener: contextInitialized()
18-Sep-2023 15:03:50.057 INFO [main] org.apache.catalina.core.ApplicationContext.log ContextListener: attributeAdded('StockTicker', 'async.Stockticker@7c5c3132')
18-Sep-2023 15:05:33.824 INFO [main] org.apache.catalina.core.ApplicationContext.log No Spring WebApplicationInitializer types detected on classpath
18-Sep-2023 15:05:35.044 INFO [main] org.apache.catalina.core.ApplicationContext.log ContextListener: contextInitialized()
18-Sep-2023 15:05:35.044 INFO [main] org.apache.catalina.core.ApplicationContext.log SessionListener: contextInitialized()
18-Sep-2023 15:05:35.047 INFO [main] org.apache.catalina.core.ApplicationContext.log ContextListener: attributeAdded('StockTicker', 'async.Stockticker@6c81bd6d')
18-Sep-2023 16:06:59.307 INFO [main] org.apache.catalina.core.ApplicationContext.log No Spring WebApplicationInitializer types detected on classpath
18-Sep-2023 16:07:00.429 INFO [main] org.apache.catalina.core.ApplicationContext.log ContextListener: contextInitialized()
18-Sep-2023 16:07:00.429 INFO [main] org.apache.catalina.core.ApplicationContext.log SessionListener: contextInitialized()
18-Sep-2023 16:07:00.431 INFO [main] org.apache.catalina.core.ApplicationContext.log ContextListener: attributeAdded('StockTicker', 'async.Stockticker@2006249d')
18-Sep-2023 16:08:49.374 WARNING [Thread-2] org.apache.catalina.session.StandardSession.doWriteObject Cannot serialize session attribute [SPRING_SECURITY_CONTEXT] for session [BB6D6D34A31D5B999779B138DD3568F8]
	java.io.NotSerializableException: hudson.security.HudsonPrivateSecurityRealm$Details
		at java.base/java.io.ObjectOutputStream.writeObject0(ObjectOutputStream.java:1197)
		at java.base/java.io.ObjectOutputStream.defaultWriteFields(ObjectOutputStream.java:1582)
		at java.base/java.io.ObjectOutputStream.writeSerialData(ObjectOutputStream.java:1539)
		at java.base/java.io.ObjectOutputStream.writeOrdinaryObject(ObjectOutputStream.java:1448)
		at java.base/java.io.ObjectOutputStream.writeObject0(ObjectOutputStream.java:1191)
		at java.base/java.io.ObjectOutputStream.defaultWriteFields(ObjectOutputStream.java:1582)
		at java.base/java.io.ObjectOutputStream.writeSerialData(ObjectOutputStream.java:1539)
		at java.base/java.io.ObjectOutputStream.writeOrdinaryObject(ObjectOutputStream.java:1448)
		at java.base/java.io.ObjectOutputStream.writeObject0(ObjectOutputStream.java:1191)
		at java.base/java.io.ObjectOutputStream.defaultWriteFields(ObjectOutputStream.java:1582)
		at java.base/java.io.ObjectOutputStream.writeSerialData(ObjectOutputStream.java:1539)
		at java.base/java.io.ObjectOutputStream.writeOrdinaryObject(ObjectOutputStream.java:1448)
		at java.base/java.io.ObjectOutputStream.writeObject0(ObjectOutputStream.java:1191)
		at java.base/java.io.ObjectOutputStream.writeObject(ObjectOutputStream.java:354)
		at org.apache.catalina.session.StandardSession.doWriteObject(StandardSession.java:1647)
		at org.apache.catalina.session.StandardSession.writeObjectData(StandardSession.java:1015)
		at org.apache.catalina.session.StandardManager.doUnload(StandardManager.java:307)
		at org.apache.catalina.session.StandardManager.unload(StandardManager.java:259)
		at org.apache.catalina.session.StandardManager.stopInternal(StandardManager.java:374)
		at org.apache.catalina.util.LifecycleBase.stop(LifecycleBase.java:242)
		at org.apache.catalina.core.StandardContext.stopInternal(StandardContext.java:5143)
		at org.apache.catalina.util.LifecycleBase.stop(LifecycleBase.java:242)
		at org.apache.catalina.core.ContainerBase$StopChild.call(ContainerBase.java:1348)
		at org.apache.catalina.core.ContainerBase$StopChild.call(ContainerBase.java:1337)
		at java.base/java.util.concurrent.FutureTask.run(FutureTask.java:264)
		at org.apache.tomcat.util.threads.InlineExecutorService.execute(InlineExecutorService.java:75)
		at java.base/java.util.concurrent.AbstractExecutorService.submit(AbstractExecutorService.java:145)
		at org.apache.catalina.core.ContainerBase.stopInternal(ContainerBase.java:931)
		at org.apache.catalina.util.LifecycleBase.stop(LifecycleBase.java:242)
		at org.apache.catalina.core.ContainerBase$StopChild.call(ContainerBase.java:1348)
		at org.apache.catalina.core.ContainerBase$StopChild.call(ContainerBase.java:1337)
		at java.base/java.util.concurrent.FutureTask.run(FutureTask.java:264)
		at org.apache.tomcat.util.threads.InlineExecutorService.execute(InlineExecutorService.java:75)
		at java.base/java.util.concurrent.AbstractExecutorService.submit(AbstractExecutorService.java:145)
		at org.apache.catalina.core.ContainerBase.stopInternal(ContainerBase.java:931)
		at org.apache.catalina.util.LifecycleBase.stop(LifecycleBase.java:242)
		at org.apache.catalina.core.StandardService.stopInternal(StandardService.java:496)
		at org.apache.catalina.util.LifecycleBase.stop(LifecycleBase.java:242)
		at org.apache.catalina.core.StandardServer.stopInternal(StandardServer.java:974)
		at org.apache.catalina.util.LifecycleBase.stop(LifecycleBase.java:242)
		at org.apache.catalina.startup.Catalina.stop(Catalina.java:849)
		at org.apache.catalina.startup.Catalina$CatalinaShutdownHook.run(Catalina.java:996)
18-Sep-2023 16:08:49.539 INFO [Thread-2] org.apache.catalina.core.ApplicationContext.log SessionListener: contextDestroyed()
18-Sep-2023 16:08:49.539 INFO [Thread-2] org.apache.catalina.core.ApplicationContext.log ContextListener: contextDestroyed()
18-Sep-2023 16:09:11.026 INFO [main] org.apache.catalina.core.ApplicationContext.log No Spring WebApplicationInitializer types detected on classpath
18-Sep-2023 16:09:11.780 WARNING [main] org.apache.catalina.session.StandardSession.doReadObject Cannot deserialize session attribute [SPRING_SECURITY_CONTEXT] for session [BB6D6D34A31D5B999779B138DD3568F8]
18-Sep-2023 16:09:12.302 INFO [main] org.apache.catalina.core.ApplicationContext.log ContextListener: contextInitialized()
18-Sep-2023 16:09:12.302 INFO [main] org.apache.catalina.core.ApplicationContext.log SessionListener: contextInitialized()
18-Sep-2023 16:09:12.304 INFO [main] org.apache.catalina.core.ApplicationContext.log ContextListener: attributeAdded('StockTicker', 'async.Stockticker@6f6cefb9')
18-Sep-2023 16:10:27.814 INFO [main] org.apache.catalina.core.ApplicationContext.log No Spring WebApplicationInitializer types detected on classpath
18-Sep-2023 16:10:29.014 INFO [main] org.apache.catalina.core.ApplicationContext.log ContextListener: contextInitialized()
18-Sep-2023 16:10:29.015 INFO [main] org.apache.catalina.core.ApplicationContext.log SessionListener: contextInitialized()
18-Sep-2023 16:10:29.018 INFO [main] org.apache.catalina.core.ApplicationContext.log ContextListener: attributeAdded('StockTicker', 'async.Stockticker@2d923d2c')
